[20:11:45] [main/INFO] [LaunchWrapper]: Loading tweak class name net.minecraftforge.fml.common.launcher.FMLTweaker
[20:11:45] [main/INFO] [LaunchWrapper]: Using primary tweak class name net.minecraftforge.fml.common.launcher.FMLTweaker
[20:11:45] [main/INFO] [LaunchWrapper]: Calling tweak class net.minecraftforge.fml.common.launcher.FMLTweaker
[20:11:45] [main/INFO] [FML]: Forge Mod Loader version 14.23.5.2860 for Minecraft 1.12.2 loading
[20:11:45] [main/INFO] [FML]: Java is Java HotSpot(TM) 64-Bit Server VM, version 1.8.0_51, running on Windows 10:amd64:10.0, installed at C:\Users\julia\AppData\Local\Packages\Microsoft.4297127D64EC6_8wekyb3d8bbwe\LocalCache\Local\runtime\jre-legacy\windows-x64\jre-legacy
[20:11:45] [main/INFO] [FML]: Searching C:\Users\julia\AppData\Roaming\.minecraft\versions\1.12.2-forge-14.23.5.2860\mods for mods
[20:11:45] [main/WARN] [FML]: The coremod Backpacked (com.mrcrayfish.backpacked.asm.BackpackedPlugin) is not signed!
[20:11:45] [main/WARN] [FML]: Found FMLCorePluginContainsFMLMod marker in Bloodmoon-MC1.12.2-1.5.3.jar. This is not recommended, @Mods should be in a separate jar from the coremod.
[20:11:45] [main/WARN] [FML]: The coremod lumien.bloodmoon.asm.LoadingPlugin does not have a MCVersion annotation, it may cause issues with this version of Minecraft
[20:11:45] [main/INFO] [FML]: Loading tweaker org.spongepowered.asm.launch.MixinTweaker from controllable-0.11.2-1.12.2.jar
[20:11:45] [main/INFO] [FML]: Loading tweaker org.spongepowered.asm.launch.MixinTweaker from DynamicSurroundings-1.12.2-3.6.3.jar
[20:11:46] [main/INFO] [FML]: Loading tweaker optifine.OptiFineForgeTweaker from OptiFine_1.12.2_HD_U_E3.jar
[20:11:46] [main/INFO] [LaunchWrapper]: Loading tweak class name net.minecraftforge.fml.common.launcher.FMLInjectionAndSortingTweaker
[20:11:46] [main/INFO] [LaunchWrapper]: Loading tweak class name org.spongepowered.asm.launch.MixinTweaker
[20:11:46] [main/INFO] [mixin]: SpongePowered MIXIN Subsystem Version=0.8 Source=file:/C:/Users/julia/AppData/Roaming/.minecraft/versions/1.12.2-forge-14.23.5.2860/mods/controllable-0.11.2-1.12.2.jar Service=LaunchWrapper Env=CLIENT
[20:11:46] [main/INFO] [mixin]: Compatibility level set to JAVA_8
[20:11:46] [main/WARN] [FML]: The coremod TransformLoader (org.orecruncher.dsurround.mixins.TransformLoader) is not signed!
[20:11:46] [main/WARN] [LaunchWrapper]: Tweak class name org.spongepowered.asm.launch.MixinTweaker has already been visited -- skipping
[20:11:46] [main/INFO] [LaunchWrapper]: Loading tweak class name optifine.OptiFineForgeTweaker
[20:11:46] [main/INFO] [LaunchWrapper]: Loading tweak class name net.minecraftforge.fml.common.launcher.FMLDeobfTweaker
[20:11:46] [main/INFO] [LaunchWrapper]: Calling tweak class net.minecraftforge.fml.common.launcher.FMLInjectionAndSortingTweaker
[20:11:46] [main/INFO] [LaunchWrapper]: Calling tweak class net.minecraftforge.fml.common.launcher.FMLInjectionAndSortingTweaker
[20:11:46] [main/INFO] [LaunchWrapper]: Calling tweak class optifine.OptiFineForgeTweaker
[20:11:46] [main/INFO] [STDOUT]: [optifine.OptiFineForgeTweaker:dbg:56]: OptiFineForgeTweaker: acceptOptions
[20:11:46] [main/INFO] [STDOUT]: [optifine.OptiFineForgeTweaker:dbg:56]: OptiFineForgeTweaker: injectIntoClassLoader
[20:11:46] [main/INFO] [STDOUT]: [optifine.OptiFineClassTransformer:dbg:221]: OptiFine ClassTransformer
[20:11:46] [main/INFO] [STDOUT]: [optifine.OptiFineClassTransformer:dbg:221]: OptiFine ZIP file: C:\Users\julia\AppData\Roaming\.minecraft\versions\1.12.2-forge-14.23.5.2860\mods\OptiFine_1.12.2_HD_U_E3.jar
[20:11:46] [main/INFO] [LaunchWrapper]: Calling tweak class net.minecraftforge.fml.relauncher.CoreModManager$FMLPluginWrapper
[20:11:47] [main/INFO] [FML]: Found valid fingerprint for Minecraft Forge. Certificate fingerprint e3c3d50c7c986df74c645c0ac54639741c90a557
[20:11:47] [main/INFO] [FML]: Found valid fingerprint for Minecraft. Certificate fingerprint cd99959656f753dc28d863b46769f7f8fbaefcfc
[20:11:47] [main/INFO] [LaunchWrapper]: Calling tweak class net.minecraftforge.fml.relauncher.CoreModManager$FMLPluginWrapper
[20:11:47] [main/INFO] [LaunchWrapper]: Calling tweak class org.spongepowered.asm.launch.MixinTweaker
[20:11:47] [main/INFO] [mixin]: Initialised Mixin FML Remapper Adapter with net.minecraftforge.fml.common.asm.transformers.deobf.FMLDeobfuscatingRemapper@7186333e
[20:11:47] [main/INFO] [LaunchWrapper]: Calling tweak class net.minecraftforge.fml.common.launcher.FMLDeobfTweaker
[20:11:47] [main/INFO] [LaunchWrapper]: Calling tweak class net.minecraftforge.fml.relauncher.CoreModManager$FMLPluginWrapper
[20:11:48] [main/INFO] [LaunchWrapper]: Calling tweak class net.minecraftforge.fml.relauncher.CoreModManager$FMLPluginWrapper
[20:11:48] [main/INFO] [LaunchWrapper]: Loading tweak class name net.minecraftforge.fml.common.launcher.TerminalTweaker
[20:11:48] [main/INFO] [LaunchWrapper]: Loading tweak class name org.spongepowered.asm.mixin.EnvironmentStateTweaker
[20:11:48] [main/INFO] [LaunchWrapper]: Calling tweak class net.minecraftforge.fml.common.launcher.TerminalTweaker
[20:11:48] [main/INFO] [LaunchWrapper]: Calling tweak class org.spongepowered.asm.mixin.EnvironmentStateTweaker
[20:11:48] [main/INFO] [STDOUT]: [optifine.OptiFineForgeTweaker:dbg:56]: OptiFineForgeTweaker: getLaunchArguments
[20:11:48] [main/INFO] [STDOUT]: [com.mrcrayfish.backpacked.asm.BackpackedTransformer:patch:68]: [Backpacked] Starting to patch: net.minecraft.client.gui.inventory.GuiContainer#drawScreen(IIF)V
[20:11:48] [main/INFO] [STDOUT]: [com.mrcrayfish.backpacked.asm.BackpackedTransformer:patch:71]: [Backpacked] Successfully patched: net.minecraft.client.gui.inventory.GuiContainer#drawScreen(IIF)V
[20:11:48] [main/INFO] [STDOUT]: [com.mrcrayfish.backpacked.asm.BackpackedTransformer:patch:68]: [Backpacked] Starting to patch: net.minecraft.client.gui.inventory.GuiContainerCreative#setCurrentCreativeTab(Lnet/minecraft/creativetab/CreativeTabs;)V
[20:11:48] [main/INFO] [STDOUT]: [com.mrcrayfish.backpacked.asm.BackpackedTransformer:patch:71]: [Backpacked] Successfully patched: net.minecraft.client.gui.inventory.GuiContainerCreative#setCurrentCreativeTab(Lnet/minecraft/creativetab/CreativeTabs;)V
[20:11:48] [main/INFO] [mixin]: A re-entrant transformer '$wrapper.lumien.bloodmoon.asm.ClassTransformer' was detected and will no longer process meta class data
[20:11:48] [main/INFO] [LaunchWrapper]: Launching wrapped minecraft {net.minecraft.client.main.Main}
[20:11:48] [main/INFO] [STDOUT]: [com.mrcrayfish.backpacked.asm.BackpackedTransformer:patch:68]: [Backpacked] Starting to patch: net.minecraft.entity.player.EntityPlayer#<init>(Lnet/minecraft/world/World;Lcom/mojang/authlib/GameProfile;)V
[20:11:48] [main/INFO] [STDOUT]: [com.mrcrayfish.backpacked.asm.BackpackedTransformer:patch:71]: [Backpacked] Successfully patched: net.minecraft.entity.player.EntityPlayer#<init>(Lnet/minecraft/world/World;Lcom/mojang/authlib/GameProfile;)V
[20:11:48] [main/INFO] [STDOUT]: [com.mrcrayfish.backpacked.asm.BackpackedTransformer:patch:68]: [Backpacked] Starting to patch: net.minecraft.client.gui.inventory.GuiContainer#drawScreen(IIF)V
[20:11:48] [main/INFO] [STDOUT]: [com.mrcrayfish.backpacked.asm.BackpackedTransformer:patch:71]: [Backpacked] Successfully patched: net.minecraft.client.gui.inventory.GuiContainer#drawScreen(IIF)V
[20:11:49] [Client thread/INFO] [net.minecraft.client.Minecraft]: Setting user: JulianSorto
[20:11:51] [Client thread/INFO] [Config]: [OptiFine] *** Reflector Forge ***
[20:11:51] [Client thread/INFO] [Config]: [OptiFine] (Reflector) Class not present: mods.betterfoliage.client.BetterFoliageClient
[20:11:52] [Client thread/INFO] [STDOUT]: [com.mrcrayfish.backpacked.asm.BackpackedTransformer:patch:68]: [Backpacked] Starting to patch: net.minecraft.network.NetHandlerPlayServer#processCreativeInventoryAction(Lnet/minecraft/network/play/client/CPacketCreativeInventoryAction;)V
[20:11:52] [Client thread/INFO] [STDOUT]: [com.mrcrayfish.backpacked.asm.BackpackedTransformer:patch:71]: [Backpacked] Successfully patched: net.minecraft.network.NetHandlerPlayServer#processCreativeInventoryAction(Lnet/minecraft/network/play/client/CPacketCreativeInventoryAction;)V
[20:11:52] [Client thread/INFO] [Config]: [OptiFine] *** Reflector Vanilla ***
[20:11:52] [Client thread/INFO] [net.minecraft.client.Minecraft]: LWJGL Version: 2.9.4
[20:11:52] [Client thread/INFO] [Config]: [OptiFine] 
[20:11:52] [Client thread/INFO] [Config]: [OptiFine] OptiFine_1.12.2_HD_U_E3
[20:11:52] [Client thread/INFO] [Config]: [OptiFine] Build: 20181210-121000
[20:11:52] [Client thread/INFO] [Config]: [OptiFine] OS: Windows 10 (amd64) version 10.0
[20:11:52] [Client thread/INFO] [Config]: [OptiFine] Java: 1.8.0_51, Oracle Corporation
[20:11:52] [Client thread/INFO] [Config]: [OptiFine] VM: Java HotSpot(TM) 64-Bit Server VM (mixed mode), Oracle Corporation
[20:11:52] [Client thread/INFO] [Config]: [OptiFine] LWJGL: 2.9.4
[20:11:52] [Client thread/INFO] [Config]: [OptiFine] OpenGL: AMD Radeon RX 6700M, version 4.6.0 Compatibility Profile Context 25.9.1.250822, ATI Technologies Inc.
[20:11:52] [Client thread/INFO] [Config]: [OptiFine] OpenGL Version: 4.6.0
[20:11:52] [Client thread/INFO] [Config]: [OptiFine] OpenGL Fancy fog: Not available (GL_NV_fog_distance)
[20:11:53] [Client thread/INFO] [Config]: [OptiFine] Maximum texture size: 16384x16384
[20:11:53] [VersionCheck/INFO] [Config]: [OptiFine] Checking for new version
[20:11:53] [Client thread/INFO] [net.optifine.shaders.SMCLog]: [Shaders] OpenGL Version: 4.6.0 Compatibility Profile Context 25.9.1.250822
[20:11:53] [Client thread/INFO] [net.optifine.shaders.SMCLog]: [Shaders] Vendor:  ATI Technologies Inc.
[20:11:53] [Client thread/INFO] [net.optifine.shaders.SMCLog]: [Shaders] Renderer: AMD Radeon RX 6700M
[20:11:53] [Client thread/INFO] [net.optifine.shaders.SMCLog]: [Shaders] Capabilities:  2.0  2.1  3.0  3.2  4.0 
[20:11:53] [Client thread/INFO] [net.optifine.shaders.SMCLog]: [Shaders] GL_MAX_DRAW_BUFFERS: 8
[20:11:53] [Client thread/INFO] [net.optifine.shaders.SMCLog]: [Shaders] GL_MAX_COLOR_ATTACHMENTS_EXT: 8
[20:11:53] [Client thread/INFO] [net.optifine.shaders.SMCLog]: [Shaders] GL_MAX_TEXTURE_IMAGE_UNITS: 32
[20:11:53] [Client thread/INFO] [net.optifine.shaders.SMCLog]: [Shaders] Load shaders configuration.
[20:11:53] [Client thread/INFO] [net.optifine.shaders.SMCLog]: [Shaders] Save shaders configuration.
[20:11:53] [Client thread/INFO] [net.optifine.shaders.SMCLog]: [Shaders] No shaderpack loaded.
[20:11:53] [Client thread/INFO] [Config]: [OptiFine] [Shaders] Delayed loading of block mappings after resources are loaded
[20:11:53] [VersionCheck/INFO] [Config]: [OptiFine] Version found: G5
[20:11:53] [Client thread/INFO] [FML]: Forge Mod Loader has detected optifine OptiFine_1.12.2_HD_U_E3, enabling compatibility features
[20:11:53] [Client thread/INFO] [FML]: -- System Details --
Details:
	Minecraft Version: 1.12.2
	Operating System: Windows 10 (amd64) version 10.0
	Java Version: 1.8.0_51, Oracle Corporation
	Java VM Version: Java HotSpot(TM) 64-Bit Server VM (mixed mode), Oracle Corporation
	Memory: 450126440 bytes (429 MB) / 805306368 bytes (768 MB) up to 2147483648 bytes (2048 MB)
	JVM Flags: 8 total; -XX:HeapDumpPath=MojangTricksIntelDriversForPerformance_javaw.exe_minecraft.exe.heapdump -Xmx2G -XX:+UnlockExperimentalVMOptions -XX:+UseG1GC -XX:G1NewSizePercent=20 -XX:G1ReservePercent=20 -XX:MaxGCPauseMillis=50 -XX:G1HeapRegionSize=32M
	IntCache: cache: 0, tcache: 0, allocated: 0, tallocated: 0
	FML: 
	Loaded coremods (and transformers): 
Controllable (controllable-0.11.2-1.12.2.jar)
  
Backpacked (backpacked-1.4.3-1.12.2.jar)
  com.mrcrayfish.backpacked.asm.BackpackedTransformer
TransformLoader (DynamicSurroundings-1.12.2-3.6.3.jar)
  
LoadingPlugin (Bloodmoon-MC1.12.2-1.5.3.jar)
  lumien.bloodmoon.asm.ClassTransformer
	GL info: ' Vendor: 'ATI Technologies Inc.' Version: '4.6.0 Compatibility Profile Context 25.9.1.250822' Renderer: 'AMD Radeon RX 6700M'
[20:11:53] [Client thread/INFO] [FML]: MinecraftForge v14.23.5.2860 Initialized
[20:11:53] [Client thread/INFO] [FML]: Starts to replace vanilla recipe ingredients with ore ingredients.
[20:11:53] [Client thread/INFO] [FML]: Invalid recipe found with multiple oredict ingredients in the same ingredient...
[20:11:53] [Client thread/INFO] [FML]: Replaced 1227 ore ingredients
[20:11:53] [Client thread/INFO] [FML]: Searching C:\Users\julia\AppData\Roaming\.minecraft\versions\1.12.2-forge-14.23.5.2860\mods for mods
[20:11:54] [Client thread/INFO] [FML]: Forge Mod Loader has identified 16 mods to load
[20:11:55] [Client thread/FATAL] [FML]: net.minecraftforge.fml.common.MissingModsException: Mod dsurround (Dynamic Surroundings) requires [orelib@[3.6.0.1,)]
[20:11:55] [Client thread/FATAL] [FML]: net.minecraftforge.fml.common.MissingModsException: Mod cgm (MrCrayfish's Gun Mod) requires [obfuscate@[0.2.1,)]
[20:11:55] [Client thread/FATAL] [FML]: net.minecraftforge.fml.common.MissingModsException: Mod zombieawareness (Zombie Awareness) requires [coroutil]
[20:11:55] [Client thread/ERROR] [FML]: An exception was thrown, the game will display an error screen and halt.
net.minecraftforge.fml.common.MultipleModsErrored: 
Missing Mods:
	unknown : need [3.6.0.1,): have missing

Missing Mods:
	unknown : need [0.2.1,): have missing

Missing Mods:
	unknown : need any: have missing


	at net.minecraftforge.fml.common.Loader.sortModList(Loader.java:300) ~[Loader.class:?]
	at net.minecraftforge.fml.common.Loader.loadMods(Loader.java:572) ~[Loader.class:?]
	at net.minecraftforge.fml.client.FMLClientHandler.beginMinecraftLoading(FMLClientHandler.java:232) [FMLClientHandler.class:?]
	at net.minecraft.client.Minecraft.func_71384_a(Minecraft.java:467) [bib.class:?]
	at net.minecraft.client.Minecraft.func_99999_d(Minecraft.java:378) [bib.class:?]
	at net.minecraft.client.main.Main.main(SourceFile:123) [Main.class:?]
	at sun.reflect.NativeMethodAccessorImpl.invoke0(Native Method) ~[?:1.8.0_51]
	at sun.reflect.NativeMethodAccessorImpl.invoke(NativeMethodAccessorImpl.java:62) ~[?:1.8.0_51]
	at sun.reflect.DelegatingMethodAccessorImpl.invoke(DelegatingMethodAccessorImpl.java:43) ~[?:1.8.0_51]
	at java.lang.reflect.Method.invoke(Method.java:497) ~[?:1.8.0_51]
	at net.minecraft.launchwrapper.Launch.launch(Launch.java:135) [launchwrapper-1.12.jar:?]
	at net.minecraft.launchwrapper.Launch.main(Launch.java:28) [launchwrapper-1.12.jar:?]
[20:11:55] [Client thread/WARN] [FML]: EventBus 0 shutting down - future events will not be posted.
[20:11:55] [Client thread/INFO] [net.minecraft.client.resources.SimpleReloadableResourceManager]: Reloading ResourceManager: Default, FMLFileResourcePack:Forge Mod Loader, FMLFileResourcePack:Minecraft Forge, FMLFileResourcePack:Controllable, FMLFileResourcePack:Backpacked, FMLFileResourcePack:Biomes O' Plenty, FMLFileResourcePack:Bloodmoon, FMLFileResourcePack:Dynamic Surroundings, FMLFileResourcePack:MrCrayfish's Gun Mod, FMLFileResourcePack:iChunUtil, FMLFileResourcePack:Just Enough Items, FMLFileResourcePack:MobAmputation, FMLFileResourcePack:MobDismemberment, FMLFileResourcePack:mobsunscreen, FMLFileResourcePack:Zombie Awareness
[20:11:55] [Client thread/WARN] [FML]: There were errors previously. Not beginning mod initialization phase
[20:11:55] [Client thread/INFO] [Config]: [OptiFine] *** Reloading textures ***
[20:11:55] [Client thread/INFO] [Config]: [OptiFine] Resource packs: Default
[20:11:55] [Sound Library Loader/INFO] [net.minecraft.client.audio.SoundManager]: Starting up SoundSystem...
[20:11:55] [Thread-3/INFO] [FML]: Using sync timing. 200 frames of Display.update took 332969300 nanos
[20:11:55] [Thread-5/INFO] [net.minecraft.client.audio.SoundManager]: Initializing LWJGL OpenAL
[20:11:55] [Thread-5/INFO] [net.minecraft.client.audio.SoundManager]: (The LWJGL binding of OpenAL.  For more information, see http://www.lwjgl.org)
[20:11:56] [Client thread/INFO] [com.mojang.text2speech.NarratorWindows]: Narrator library for x64 successfully loaded
[20:11:56] [Client thread/INFO] [Config]: [OptiFine] *** Reloading custom textures ***
[20:11:56] [Thread-5/INFO] [net.minecraft.client.audio.SoundManager]: OpenAL initialized.
[20:11:56] [Sound Library Loader/INFO] [net.minecraft.client.audio.SoundManager]: Sound engine started
[20:13:51] [Client thread/INFO] [net.minecraft.client.Minecraft]: Stopping!
[20:13:51] [Client thread/INFO] [net.minecraft.client.audio.SoundManager]: SoundSystem shutting down...
[20:13:51] [Client thread/WARN] [net.minecraft.client.audio.SoundManager]: Author: Paul Lamb, www.paulscode.com
